Sender: LSF System <lsfadmin@b62e615c70.cern.ch>
Subject: Job 780458293: <source /afs/cern.ch/work/z/zhicaiz/private/regression/CMSSW_7_4_12/src/HiggsAnalysis/GBRLikelihood/scripts/submit/gamma1_EE.sh> in cluster <batch> Exited

Job <source /afs/cern.ch/work/z/zhicaiz/private/regression/CMSSW_7_4_12/src/HiggsAnalysis/GBRLikelihood/scripts/submit/gamma1_EE.sh> was submitted from host <lxplus046.cern.ch> by user <zhicaiz> in cluster <batch>.
Job was executed on host(s) <b62e615c70.cern.ch>, in queue <cmscaf1nd>, as user <zhicaiz> in cluster <batch>.
</afs/cern.ch/user/z/zhicaiz> was used as the home directory.
</afs/cern.ch/work/z/zhicaiz/private/regression/CMSSW_7_4_12/src/HiggsAnalysis/GBRLikelihood/scripts> was used as the working directory.
Started at Thu Mar 31 00:05:08 2016
Results reported on Thu Mar 31 00:06:20 2016

Your job looked like:

------------------------------------------------------------
# LSBATCH: User input
source /afs/cern.ch/work/z/zhicaiz/private/regression/CMSSW_7_4_12/src/HiggsAnalysis/GBRLikelihood/scripts/submit/gamma1_EE.sh
------------------------------------------------------------

Exited with exit code 255.

Resource usage summary:

    CPU time :                                   0.70 sec.
    Max Memory :                                 4.77 MB
    Average Memory :                             2.60 MB
    Total Requested Memory :                     -
    Delta Memory :                               -
    Max Swap :                                   56 MB
    Max Processes :                              3
    Max Threads :                                3
    Run time :                                   69 sec.
    Turnaround time :                            77 sec.

The output (if any) follows:

@(#)CERN job starter $Date: 2010/06/23 14:22:16 $
Working directory is </pool/lsf/zhicaiz/780458293> on <b62e615c70.cern.ch>

/afs/cern.ch/work/z/zhicaiz/private/regression/CMSSW_7_4_12/src/HiggsAnalysis/GBRLikelihood/scripts/submit/gamma1_EE.sh: line 3: cmsenv: command not found
Thu Mar 31 00:05:29 CEST 2016
/afs/cern.ch/work/z/zhicaiz/private/regression/CMSSW_7_4_12/src/HiggsAnalysis/GBRLikelihood/scripts/submit/gamma1_EE.sh: line 5: syntax error near unexpected token `('
/afs/cern.ch/work/z/zhicaiz/private/regression/CMSSW_7_4_12/src/HiggsAnalysis/GBRLikelihood/scripts/submit/gamma1_EE.sh: line 5: `root -q -l -b eregtraining_13TeV_Pi0.C+(false,false,false) '

Job finished at Thu Mar 31 00:05:29 CEST 2016 on node 
 under linux version Scientific Linux CERN SLC release 6.7 (Carbon)

CERN statistics: This process used approximately : 0:00:00 KSI2K hours (0 KSI2K seconds)
                 This process corresponds to     : 0:00:02 HS06  hours (2 HS06  seconds)
