Sender: LSF System <lsfadmin@b646a35d45.cern.ch>
Subject: Job 780834095: <source /afs/cern.ch/work/z/zhicaiz/private/regression/CMSSW_7_4_12/src/HiggsAnalysis/GBRLikelihood/scripts/submit/gamma1_EB.sh> in cluster <batch> Done

Job <source /afs/cern.ch/work/z/zhicaiz/private/regression/CMSSW_7_4_12/src/HiggsAnalysis/GBRLikelihood/scripts/submit/gamma1_EB.sh> was submitted from host <lxplus060.cern.ch> by user <zhicaiz> in cluster <batch>.
Job was executed on host(s) <b646a35d45.cern.ch>, in queue <cmscaf1nd>, as user <zhicaiz> in cluster <batch>.
</afs/cern.ch/user/z/zhicaiz> was used as the home directory.
</afs/cern.ch/work/z/zhicaiz/private/regression/CMSSW_7_4_12/src/HiggsAnalysis/GBRLikelihood/scripts> was used as the working directory.
Started at Thu Mar 31 20:22:42 2016
Results reported on Thu Mar 31 20:25:18 2016

Your job looked like:

------------------------------------------------------------
# LSBATCH: User input
source /afs/cern.ch/work/z/zhicaiz/private/regression/CMSSW_7_4_12/src/HiggsAnalysis/GBRLikelihood/scripts/submit/gamma1_EB.sh
------------------------------------------------------------

Successfully completed.

Resource usage summary:

    CPU time :                                   828.08 sec.
    Max Memory :                                 317.61 MB
    Average Memory :                             199.45 MB
    Total Requested Memory :                     -
    Delta Memory :                               -
    Max Swap :                                   1811 MB
    Max Processes :                              7
    Max Threads :                                23
    Run time :                                   153 sec.
    Turnaround time :                            161 sec.

The output (if any) follows:

@(#)CERN job starter $Date: 2010/06/23 14:22:16 $
Working directory is </pool/lsf/zhicaiz/780834095> on <b646a35d45.cern.ch>

Thu Mar 31 20:23:01 CEST 2016

Processing eregtraining_13TeV_Pi0.C+(true,false,false)...
DEBUG 001...
DEBUG 002...
DEBUG 003...
DEBUG 004...
DEBUG 005...
DEBUG 006...
DEBUG 007...
DEBUG 008...
DEBUG 009...
DEBUG 010...
0
100000
200000
300000
DEBUG 011...
oldval = 0.010000, newval = -1.289817, evaluate = 0.010000
oldval = 1.000000, newval = -0.111341, evaluate = 1.000000
oldval = 3.000000, newval = -1.530890, evaluate = 3.000000
oldval = 3.000000, newval = -1.530890, evaluate = 3.000000
DEBUG 012...
filling observables
first loop, count events
idata = 0, sumentries = 131530.000000, numentries = 131530
nev = 131530, nvar = 14
ithread = 0
ithread = 1
ithread = 2
ithread = 3
ithread = 4
ithread = 5
ithread = 6
ithread = 7
ithread = 8
ithread = 9
ithread = 10
ithread = 11
ithread = 12
ithread = 13
ithread = 14
ithread = 15
second loop, fill events in memory
filled data
sorting var 5
sorting var 8
sorting var 6
sorting var 4
sorting var 10
sorting var 3
sorting var 13
sorting var 7
sorting var 2
sorting var 11
sorting var 1
sorting var 0
sorting var 12
sorting var 9
DEBUG 012.1...
DEBUG 012.2...
DEBUG 012.3...
DEBUG 012.4...
DEBUG 012.5...
setting targets
RooCFunction1Binding<double,double>::nllfunc[ function=(0x2ad37fbdd7e0) x=fullparmsum ] = 499885
Minuit2Minimizer: Minimize with max-calls 2000 convergence for edm < 1 strategy 0
MnSeedGenerator: for initial parameters FCN = 499884.5142891
bad val: x = 29.520670, t = 2852.066994, mean = 1.000000, sigma = 0.010000, alpha1 = 2.000000, n1 = 3.000000, alpha2 = 1.000000, n2 = 341.565970
val = 0.000000
bad val: x = 28.054556, t = 2705.455589, mean = 1.000000, sigma = 0.010000, alpha1 = 2.000000, n1 = 3.000000, alpha2 = 1.000000, n2 = 341.565970
val = 0.000000
bad val: x = 26.580610, t = 2558.061028, mean = 1.000000, sigma = 0.010000, alpha1 = 2.000000, n1 = 3.000000, alpha2 = 1.000000, n2 = 341.565970
val = 0.000000
bad val: x = 24.810270, t = 2381.027031, mean = 1.000000, sigma = 0.010000, alpha1 = 2.000000, n1 = 3.000000, alpha2 = 1.000000, n2 = 341.565970
val = 0.000000
bad val: x = 26.301359, t = 2530.135918, mean = 1.000000, sigma = 0.010000, alpha1 = 2.000000, n1 = 3.000000, alpha2 = 1.000000, n2 = 341.565970
val = 0.000000
bad val: x = 25.495932, t = 2449.593163, mean = 1.000000, sigma = 0.010000, alpha1 = 2.000000, n1 = 3.000000, alpha2 = 1.000000, n2 = 341.565970
val = 0.000000
bad val: x = 34.640472, t = 3364.047241, mean = 1.000000, sigma = 0.010000, alpha1 = 2.000000, n1 = 3.000000, alpha2 = 1.000000, n2 = 341.565970
val = 0.000000
bad val: x = 24.773716, t = 2377.371597, mean = 1.000000, sigma = 0.010000, alpha1 = 2.000000, n1 = 3.000000, alpha2 = 1.000000, n2 = 341.565970
val = 0.000000
bad val: x = 34.733669, t = 3373.366928, mean = 1.000000, sigma = 0.010000, alpha1 = 2.000000, n1 = 3.000000, alpha2 = 1.000000, n2 = 341.565970
val = 0.000000
bad val: x = 25.464813, t = 2446.481323, mean = 1.000000, sigma = 0.010000, alpha1 = 2.000000, n1 = 3.000000, alpha2 = 1.000000, n2 = 341.565970
val = 0.000000
bad val: x = 26.902695, t = 2590.269470, mean = 1.000000, sigma = 0.010000, alpha1 = 2.000000, n1 = 3.000000, alpha2 = 1.000000, n2 = 341.565970
val = 0.000000
bad val: x = 30.797958, t = 2979.795837, mean = 1.000000, sigma = 0.010000, alpha1 = 2.000000, n1 = 3.000000, alpha2 = 1.000000, n2 = 341.565970
val = 0.000000
bad val: x = 30.821352, t = 2982.135201, mean = 1.000000, sigma = 0.010000, alpha1 = 2.000000, n1 = 3.000000, alpha2 = 1.000000, n2 = 341.565970
val = 0.000000
bad val: x = 26.313349, t = 2531.334877, mean = 1.000000, sigma = 0.010000, alpha1 = 2.000000, n1 = 3.000000, alpha2 = 1.000000, n2 = 341.565970
val = 0.000000
bad val: x = 25.153561, t = 2415.356064, mean = 1.000000, sigma = 0.010000, alpha1 = 2.000000, n1 = 3.000000, alpha2 = 1.000000, n2 = 341.565970
val = 0.000000
bad val: x = 24.976152, t = 2397.615242, mean = 1.000000, sigma = 0.010000, alpha1 = 2.000000, n1 = 3.000000, alpha2 = 1.000000, n2 = 341.565970
val = 0.000000
bad val: x = 31.258665, t = 3025.866508, mean = 1.000000, sigma = 0.010000, alpha1 = 2.000000, n1 = 3.000000, alpha2 = 1.000000, n2 = 341.565970
val = 0.000000
bad val: x = 27.733414, t = 2673.341370, mean = 1.000000, sigma = 0.010000, alpha1 = 2.000000, n1 = 3.000000, alpha2 = 1.000000, n2 = 341.565970
val = 0.000000
bad val: x = 26.261152, t = 2526.115227, mean = 1.000000, sigma = 0.010000, alpha1 = 2.000000, n1 = 3.000000, alpha2 = 1.000000, n2 = 341.565970
val = 0.000000
bad val: x = 25.871471, t = 2487.147141, mean = 1.000000, sigma = 0.010000, alpha1 = 2.000000, n1 = 3.000000, alpha2 = 1.000000, n2 = 341.565970
val = 0.000000
bad val: x = 26.424564, t = 2542.456436, mean = 1.000000, sigma = 0.010000, alpha1 = 2.000000, n1 = 3.000000, alpha2 = 1.000000, n2 = 341.565970
val = 0.000000
bad val: x = 25.937115, t = 2493.711472, mean = 1.000000, sigma = 0.010000, alpha1 = 2.000000, n1 = 3.000000, alpha2 = 1.000000, n2 = 341.565970
val = 0.000000
bad val: x = 26.916651, t = 2591.665077, mean = 1.000000, sigma = 0.010000, alpha1 = 2.000000, n1 = 3.000000, alpha2 = 1.000000, n2 = 341.565970
val = 0.000000
bad val: x = 27.710485, t = 2671.048546, mean = 1.000000, sigma = 0.010000, alpha1 = 2.000000, n1 = 3.000000, alpha2 = 1.000000, n2 = 341.565970
val = 0.000000
bad val: x = 28.384056, t = 2738.405609, mean = 1.000000, sigma = 0.010000, alpha1 = 2.000000, n1 = 3.000000, alpha2 = 1.000000, n2 = 341.565970
val = 0.000000
bad val: x = 25.617373, t = 2461.737251, mean = 1.000000, sigma = 0.010000, alpha1 = 2.000000, n1 = 3.000000, alpha2 = 1.000000, n2 = 341.565970
val = 0.000000
bad val: x = 26.331875, t = 2533.187485, mean = 1.000000, sigma = 0.010000, alpha1 = 2.000000, n1 = 3.000000, alpha2 = 1.000000, n2 = 341.565970
val = 0.000000
bad val: x = 28.093332, t = 2709.333229, mean = 1.000000, sigma = 0.010000, alpha1 = 2.000000, n1 = 3.000000, alpha2 = 1.000000, n2 = 341.565970
val = 0.000000
bad val: x = 25.351118, t = 2435.111809, mean = 1.000000, sigma = 0.010000, alpha1 = 2.000000, n1 = 3.000000, alpha2 = 1.000000, n2 = 341.565970
val = 0.000000
bad val: x = 26.437914, t = 2543.791389, mean = 1.000000, sigma = 0.010000, alpha1 = 2.000000, n1 = 3.000000, alpha2 = 1.000000, n2 = 341.565970
val = 0.000000
bad val: x = 26.001991, t = 2500.199127, mean = 1.000000, sigma = 0.010000, alpha1 = 2.000000, n1 = 3.000000, alpha2 = 1.000000, n2 = 341.565970
val = 0.000000
bad val: x = 25.925962, t = 2492.596245, mean = 1.000000, sigma = 0.010000, alpha1 = 2.000000, n1 = 3.000000, alpha2 = 1.000000, n2 = 341.565970
val = 0.000000
bad val: x = 28.683256, t = 2768.325615, mean = 1.000000, sigma = 0.010000, alpha1 = 2.000000, n1 = 3.000000, alpha2 = 1.000000, n2 = 341.565970
val = 0.000000
bad val: x = 28.361820, t = 2736.182022, mean = 1.000000, sigma = 0.010000, alpha1 = 2.000000, n1 = 3.000000, alpha2 = 1.000000, n2 = 341.565970
val = 0.000000
bad val: x = 30.958773, t = 2995.877266, mean = 1.000000, sigma = 0.010000, alpha1 = 2.000000, n1 = 3.000000, alpha2 = 1.000000, n2 = 341.565970
bad val: x = 30.279291, t = 2927.929115, mean = 1.000000, sigma = 0.010000, alpha1 = 2.000000, n1 = 3.000000, alpha2 = 1.000000, n2 = 341.565970
bad val: x = 26.553782, t = 2555.378151, mean = 1.000000, sigma = 0.010000, alpha1 = 2.000000, n1 = 3.000000, alpha2 = 1.000000, n2 = 341.565970
val = 0.000000
val = 0.000000
bad val: x = 26.726179, t = 2572.617912, mean = 1.000000, sigma = 0.010000, alpha1 = 2.000000, n1 = 3.000000, alpha2 = 1.000000, n2 = 341.565970
val = 0.000000
bad val: x = 25.554571, t = 2455.457115, mean = 1.000000, sigma = 0.010000, alpha1 = 2.000000, n1 = 3.000000, alpha2 = 1.000000, n2 = 341.565970
val = 0.000000
bad val: x = 28.769859, t = 2776.985931, mean = 1.000000, sigma = 0.010000, alpha1 = 2.000000, n1 = 3.000000, alpha2 = 1.000000, n2 = 341.565970
val = 0.000000
bad val: x = 28.642384, t = 2764.238358, mean = 1.000000, sigma = 0.010000, alpha1 = 2.000000, n1 = 3.000000, alpha2 = 1.000000, n2 = 341.565970
val = 0.000000
bad val: x = 24.825129, t = 2382.512856, mean = 1.000000, sigma = 0.010000, alpha1 = 2.000000, n1 = 3.000000, alpha2 = 1.000000, n2 = 341.565970
val = 0.000000
bad val: x = 26.604837, t = 2560.483742, mean = 1.000000, sigma = 0.010000, alpha1 = 2.000000, n1 = 3.000000, alpha2 = 1.000000, n2 = 341.565970
val = 0.000000
bad val: x = 27.416296, t = 2641.629601, mean = 1.000000, sigma = 0.010000, alpha1 = 2.000000, n1 = 3.000000, alpha2 = 1.000000, n2 = 341.565970
val = 0.000000
bad val: x = 26.062689, t = 2506.268883, mean = 1.000000, sigma = 0.010000, alpha1 = 2.000000, n1 = 3.000000, alpha2 = 1.000000, n2 = 341.565970
val = 0.000000
bad val: x = 35.981033, t = 3498.103333, mean = 1.000000, sigma = 0.010000, alpha1 = 2.000000, n1 = 3.000000, alpha2 = 1.000000, n2 = 341.565970
val = 0.000000
bad val: x = 26.144115, t = 2514.411545, mean = 1.000000, sigma = 0.010000, alpha1 = 2.000000, n1 = 3.000000, alpha2 = 1.000000, n2 = 341.565970
val = 0.000000
bad val: x = 26.227793, t = 2522.779274, mean = 1.000000, sigma = 0.010000, alpha1 = 2.000000, n1 = 3.000000, alpha2 = 1.000000, n2 = 341.565970
val = 0.000000
bad val: x = 30.027405, t = 2902.740479, mean = 1.000000, sigma = 0.010000, alpha1 = 2.000000, n1 = 3.000000, alpha2 = 1.000000, n2 = 341.565970
val = 0.000000
bad val: x = 25.257629, t = 2425.762939, mean = 1.000000, sigma = 0.010000, alpha1 = 2.000000, n1 = 3.000000, alpha2 = 1.000000, n2 = 341.565970
val = 0.000000
bad val: x = 27.793161, t = 2679.316139, mean = 1.000000, sigma = 0.010000, alpha1 = 2.000000, n1 = 3.000000, alpha2 = 1.000000, n2 = 341.565970
val = 0.000000
bad val: x = 26.379349, t = 2537.934875, mean = 1.000000, sigma = 0.010000, alpha1 = 2.000000, n1 = 3.000000, alpha2 = 1.000000, n2 = 341.565970
val = 0.000000
bad val: x = 26.333479, t = 2533.347893, mean = 1.000000, sigma = 0.010000, alpha1 = 2.000000, n1 = 3.000000, alpha2 = 1.000000, n2 = 341.565970
val = 0.000000
bad val: x = 29.116781, t = 2811.678123, mean = 1.000000, sigma = 0.010000, alpha1 = 2.000000, n1 = 3.000000, alpha2 = 1.000000, n2 = 341.565970
val = 0.000000
bad val: x = 25.871805, t = 2487.180519, mean = 1.000000, sigma = 0.010000, alpha1 = 2.000000, n1 = 3.000000, alpha2 = 1.000000, n2 = 341.565970
val = 0.000000
bad val: x = 31.082745, t = 3008.274460, mean = 1.000000, sigma = 0.010000, alpha1 = 2.000000, n1 = 3.000000, alpha2 = 1.000000, n2 = 341.565970
val = 0.000000
bad val: x = 27.383480, t = 2638.348007, mean = 1.000000, sigma = 0.010000, alpha1 = 2.000000, n1 = 3.000000, alpha2 = 1.000000, n2 = 341.565970
val = 0.000000
bad val: x = 30.864531, t = 2986.453056, mean = 1.000000, sigma = 0.010000, alpha1 = 2.000000, n1 = 3.000000, alpha2 = 1.000000, n2 = 341.565970
val = 0.000000
bad val: x = 32.625126, t = 3162.512589, mean = 1.000000, sigma = 0.010000, alpha1 = 2.000000, n1 = 3.000000, alpha2 = 1.000000, n2 = 341.565970
val = 0.000000
bad val: x = 34.588261, t = 3358.826065, mean = 1.000000, sigma = 0.010000, alpha1 = 2.000000, n1 = 3.000000, alpha2 = 1.000000, n2 = 341.565970
val = 0.000000
bad val: x = 25.021626, t = 2402.162552, mean = 1.000000, sigma = 0.010000, alpha1 = 2.000000, n1 = 3.000000, alpha2 = 1.000000, n2 = 341.565970
val = 0.000000
bad val: x = 24.912271, t = 2391.227150, mean = 1.000000, sigma = 0.010000, alpha1 = 2.000000, n1 = 3.000000, alpha2 = 1.000000, n2 = 341.565970
val = 0.000000
bad val: x = 32.561928, t = 3156.192780, mean = 1.000000, sigma = 0.010000, alpha1 = 2.000000, n1 = 3.000000, alpha2 = 1.000000, n2 = 341.565970
val = 0.000000
bad val: x = 25.770515, t = 2477.051544, mean = 1.000000, sigma = 0.010000, alpha1 = 2.000000, n1 = 3.000000, alpha2 = 1.000000, n2 = 341.565970
val = 0.000000
bad val: x = 29.723907, t = 2872.390747, mean = 1.000000, sigma = 0.010000, alpha1 = 2.000000, n1 = 3.000000, alpha2 = 1.000000, n2 = 341.565970
val = 0.000000
bad val: x = 26.946077, t = 2594.607735, mean = 1.000000, sigma = 0.010000, alpha1 = 2.000000, n1 = 3.000000, alpha2 = 1.000000, n2 = 341.565970
val = 0.000000
bad val: x = 25.232553, t = 2423.255348, mean = 1.000000, sigma = 0.010000, alpha1 = 2.000000, n1 = 3.000000, alpha2 = 1.000000, n2 = 341.565970
val = 0.000000
bad val: x = 26.613834, t = 2561.383438, mean = 1.000000, sigma = 0.010000, alpha1 = 2.000000, n1 = 3.000000, alpha2 = 1.000000, n2 = 341.565970
val = 0.000000
bad val: x = 25.759315, t = 2475.931549, mean = 1.000000, sigma = 0.010000, alpha1 = 2.000000, n1 = 3.000000, alpha2 = 1.000000, n2 = 341.565970
val = 0.000000
bad val: x = 26.290276, t = 2529.027557, mean = 1.000000, sigma = 0.010000, alpha1 = 2.000000, n1 = 3.000000, alpha2 = 1.000000, n2 = 341.565970
val = 0.000000
bad val: x = 26.292234, t = 2529.223442, mean = 1.000000, sigma = 0.010000, alpha1 = 2.000000, n1 = 3.000000, alpha2 = 1.000000, n2 = 341.565970
val = 0.000000
bad val: x = 27.017065, t = 2601.706505, mean = 1.000000, sigma = 0.010000, alpha1 = 2.000000, n1 = 3.000000, alpha2 = 1.000000, n2 = 341.565970
val = 0.000000
bad val: x = 25.842167, t = 2484.216690, mean = 1.000000, sigma = 0.010000, alpha1 = 2.000000, n1 = 3.000000, alpha2 = 1.000000, n2 = 341.565970
val = 0.000000
bad val: x = 24.926151, t = 2392.615128, mean = 1.000000, sigma = 0.010000, alpha1 = 2.000000, n1 = 3.000000, alpha2 = 1.000000, n2 = 341.565970
val = 0.000000
bad val: x = 26.829727, t = 2582.972717, mean = 1.000000, sigma = 0.010000, alpha1 = 2.000000, n1 = 3.000000, alpha2 = 1.000000, n2 = 341.565970
val = 0.000000
val = 0.000000
bad val: x = 29.910566, t = 2891.056633, mean = 1.000000, sigma = 0.010000, alpha1 = 2.000000, n1 = 3.000000, alpha2 = 1.000000, n2 = 341.565970
val = 0.000000
bad val: x = 24.849121, t = 2384.912109, mean = 1.000000, sigma = 0.010000, alpha1 = 2.000000, n1 = 3.000000, alpha2 = 1.000000, n2 = 341.565970
val = 0.000000
bad val: x = 26.931551, t = 2593.155098, mean = 1.000000, sigma = 0.010000, alpha1 = 2.000000, n1 = 3.000000, alpha2 = 1.000000, n2 = 341.565970
val = 0.000000
bad val: x = 28.509480, t = 2750.947952, mean = 1.000000, sigma = 0.010000, alpha1 = 2.000000, n1 = 3.000000, alpha2 = 1.000000, n2 = 341.565970
val = 0.000000
bad val: x = 27.400829, t = 2640.082932, mean = 1.000000, sigma = 0.010000, alpha1 = 2.000000, n1 = 3.000000, alpha2 = 1.000000, n2 = 341.565970
val = 0.000000
bad val: x = 32.667286, t = 3166.728592, mean = 1.000000, sigma = 0.010000, alpha1 = 2.000000, n1 = 3.000000, alpha2 = 1.000000, n2 = 341.565970
val = 0.000000
bad val: x = 25.756128, t = 2475.612831, mean = 1.000000, sigma = 0.010000, alpha1 = 2.000000, n1 = 3.000000, alpha2 = 1.000000, n2 = 341.565970
val = 0.000000
bad val: x = 24.981155, t = 2398.115540, mean = 1.000000, sigma = 0.010000, alpha1 = 2.000000, n1 = 3.000000, alpha2 = 1.000000, n2 = 341.565970
val = 0.000000
bad val: x = 29.362221, t = 2836.222076, mean = 1.000000, sigma = 0.010000, alpha1 = 2.000000, n1 = 3.000000, alpha2 = 1.000000, n2 = 341.565970
val = 0.000000
bad val: x = 28.304733, t = 2730.473328, mean = 1.000000, sigma = 0.010000, alpha1 = 2.000000, n1 = 3.000000, alpha2 = 1.000000, n2 = 341.565970
val = 0.000000
bad val: x = 24.858334, t = 2385.833359, mean = 1.000000, sigma = 0.010000, alpha1 = 2.000000, n1 = 3.000000, alpha2 = 1.000000, n2 = 341.565970
val = 0.000000
bad val: x = 25.241234, t = 2424.123383, mean = 1.000000, sigma = 0.010000, alpha1 = 2.000000, n1 = 3.000000, alpha2 = 1.000000, n2 = 341.565970
val = 0.000000
bad val: x = 27.157835, t = 2615.783501, mean = 1.000000, sigma = 0.010000, alpha1 = 2.000000, n1 = 3.000000, alpha2 = 1.000000, n2 = 341.565970
val = 0.000000
bad val: x = 25.170815, t = 2417.081451, mean = 1.000000, sigma = 0.010000, alpha1 = 2.000000, n1 = 3.000000, alpha2 = 1.000000, n2 = 341.565970
val = 0.000000
bad val: x = 29.692261, t = 2869.226074, mean = 1.000000, sigma = 0.010000, alpha1 = 2.000000, n1 = 3.000000, alpha2 = 1.000000, n2 = 341.565970
val = 0.000000
bad val: x = 27.020531, t = 2602.053070, mean = 1.000000, sigma = 0.010000, alpha1 = 2.000000, n1 = 3.000000, alpha2 = 1.000000, n2 = 341.565970
val = 0.000000
bad val: x = 26.407648, t = 2540.764809, mean = 1.000000, sigma = 0.010000, alpha1 = 2.000000, n1 = 3.000000, alpha2 = 1.000000, n2 = 341.565970
val = 0.000000
bad val: x = 31.755497, t = 3075.549698, mean = 1.000000, sigma = 0.010000, alpha1 = 2.000000, n1 = 3.000000, alpha2 = 1.000000, n2 = 341.565970
val = 0.000000
[#0] WARNING:Minization -- RooMinimizerFcn: Minimized function has error status.
Returning maximum FCN so far (1.04347e+06) to force MIGRAD to back out of this region. Error log follows
Parameter values: sigmeantvar=-0.111341, sign2var=-1.04266, signvar=-1.53089, sigwidthtvar=-1.28982

MnSeedGenerator: Initial state:   - FCN =   499884.5142891 Edm =       460154 NCalls =     17
VariableMetric: start iterating until Edm is < 0.001
VariableMetric: Initial state   - FCN =   499884.5142891 Edm =       460154 NCalls =     17
VariableMetric: Iteration #   0 - FCN =   499884.5142891 Edm =       460154 NCalls =     17
VariableMetric: Iteration #   1 - FCN =   147320.2477928 Edm =      4293.26 NCalls =     35
VariableMetric: Iteration #   2 - FCN =   146014.8847611 Edm =      2561.67 NCalls =     49
VariableMetric: Iteration #   3 - FCN =    138873.571668 Edm =         7395 NCalls =     61
VariableMetric: Iteration #   4 - FCN =   120623.3998671 Edm =      4287.49 NCalls =     74
VariableMetric: Iteration #   5 - FCN =   115039.7571621 Edm =      229.854 NCalls =     84
VariableMetric: Iteration #   6 - FCN =   114477.0499054 Edm =      47.7692 NCalls =     95
VariableMetric: Iteration #   7 - FCN =   114378.8590738 Edm =      10.5311 NCalls =    105
VariableMetric: Iteration #   8 - FCN =    114351.724022 Edm =     0.377736 NCalls =    115
VariableMetric: Iteration #   9 - FCN =   114351.1195771 Edm =    0.0367721 NCalls =    125
VariableMetric: Iteration #  10 - FCN =   114351.0429066 Edm =    0.0102066 NCalls =    135
VariableMetric: Iteration #  11 - FCN =   114351.0254925 Edm =  4.06364e-05 NCalls =    145
Minuit2Minimizer : Valid minimum - status = 0
FVAL  = 114351.025492456829
Edm   = 4.06364148931419051e-05
Nfcn  = 145
sigmeantvar	  = -0.0524041	 +/-  0.000451214
sign2var	  = -1.55027	 +/-  4.85265e-05
signvar	  = -1.54666	 +/-  0.000191058
sigwidthtvar	  = -0.686806	 +/-  0.00262697
nev = 131530, sumw = 131530.000000
Initial fNLLVal = 114351.025492
fullparms:
  1) RooRealVar:: sigwidthtvar = -0.686806 +/- 0.00262697
  2) RooRealVar::  sigmeantvar = -0.0524041 +/- 0.000451214
  3) RooRealVar::      signvar = -1.54666 +/- 0.000191058
  4) RooRealVar::     sign2var = -1.55027 +/- 4.85265e-05
tree 0
fit responses, selvar = -1
allocating matrix of size 418
start matrix decomposition
done matrix decomposition
step = 0.100000, nllval = 107741.321727, fNLLVal = 114351.025492
r = 1.000000 +- 0.000000, dldr =   nan, dL[0] = -1.117801e+03,, n0 = 0.000000, ndobs = 131530.000000, fNLLVal = 107741.321727, bnll = 107741.321727, nmc = 0.000000, nmcalt = 0.000000
maxtreesize = 232, maxtgtidx = 0
tree 1
fit responses, selvar = -1
allocating matrix of size 379
start matrix decomposition
done matrix decomposition
step = 0.100000, nllval = 102445.508052, fNLLVal = 107741.321727
r = 1.000000 +- 0.000000, dldr =   nan, dL[0] = -5.034539e+02,, n0 = 0.000000, ndobs = 131530.000000, fNLLVal = 102445.508052, bnll = 102445.508052, nmc = 0.000000, nmcalt = 0.000000
maxtreesize = 210, maxtgtidx = 0
tree 2
fit responses, selvar = -1
allocating matrix of size 384
start matrix decomposition
done matrix decomposition
step = 0.100000, nllval = 98153.387121, fNLLVal = 102445.508052
r = 1.000000 +- 0.000000, dldr =   nan, dL[0] = -1.351537e+03,, n0 = 0.000000, ndobs = 131530.000000, fNLLVal = 98153.387121, bnll = 98153.387121, nmc = 0.000000, nmcalt = 0.000000
maxtreesize = 206, maxtgtidx = 0
tree 3
fit responses, selvar = -1
allocating matrix of size 378
start matrix decomposition
done matrix decomposition
step = 0.100000, nllval = 94482.544206, fNLLVal = 98153.387121
r = 1.000000 +- 0.000000, dldr =   nan, dL[0] = -1.217864e+03,, n0 = 0.000000, ndobs = 131530.000000, fNLLVal = 94482.544206, bnll = 94482.544206, nmc = 0.000000, nmcalt = 0.000000
maxtreesize = 205, maxtgtidx = 0
tree 4
fit responses, selvar = -1
allocating matrix of size 357
start matrix decomposition
done matrix decomposition
step = 0.100000, nllval = 91270.503695, fNLLVal = 94482.544206
r = 1.000000 +- 0.000000, dldr =   nan, dL[0] = -7.279620e+02,, n0 = 0.000000, ndobs = 131530.000000, fNLLVal = 91270.503695, bnll = 91270.503695, nmc = 0.000000, nmcalt = 0.000000
maxtreesize = 214, maxtgtidx = 0
tree 5
fit responses, selvar = -1
allocating matrix of size 352
start matrix decomposition
done matrix decomposition
step = 0.100000, nllval = 88441.349757, fNLLVal = 91270.503695
r = 1.000000 +- 0.000000, dldr =   nan, dL[0] = -6.327392e+02,, n0 = 0.000000, ndobs = 131530.000000, fNLLVal = 88441.349757, bnll = 88441.349757, nmc = 0.000000, nmcalt = 0.000000
maxtreesize = 199, maxtgtidx = 0
tree 6
fit responses, selvar = -1
allocating matrix of size 325
start matrix decomposition
done matrix decomposition
step = 0.100000, nllval = 85833.866437, fNLLVal = 88441.349757
r = 1.000000 +- 0.000000, dldr =   nan, dL[0] = -4.227506e+02,, n0 = 0.000000, ndobs = 131530.000000, fNLLVal = 85833.866437, bnll = 85833.866437, nmc = 0.000000, nmcalt = 0.000000
maxtreesize = 187, maxtgtidx = 0
tree 7
fit responses, selvar = -1
allocating matrix of size 303
start matrix decomposition
done matrix decomposition
step = 0.100000, nllval = 83524.399716, fNLLVal = 85833.866437
r = 1.000000 +- 0.000000, dldr =   nan, dL[0] = -4.205245e+02,, n0 = 0.000000, ndobs = 131530.000000, fNLLVal = 83524.399716, bnll = 83524.399716, nmc = 0.000000, nmcalt = 0.000000
maxtreesize = 174, maxtgtidx = 0
tree 8
fit responses, selvar = -1
allocating matrix of size 297
start matrix decomposition
done matrix decomposition
step = 0.100000, nllval = 81470.546309, fNLLVal = 83524.399716
r = 1.000000 +- 0.000000, dldr =   nan, dL[0] = -3.102700e+02,, n0 = 0.000000, ndobs = 131530.000000, fNLLVal = 81470.546309, bnll = 81470.546309, nmc = 0.000000, nmcalt = 0.000000
maxtreesize = 170, maxtgtidx = 0
tree 9
fit responses, selvar = -1
allocating matrix of size 279
start matrix decomposition
done matrix decomposition
step = 0.100000, nllval = 79644.739810, fNLLVal = 81470.546309
r = 1.000000 +- 0.000000, dldr =   nan, dL[0] = -8.617523e+01,, n0 = 0.000000, ndobs = 131530.000000, fNLLVal = 79644.739810, bnll = 79644.739810, nmc = 0.000000, nmcalt = 0.000000
maxtreesize = 179, maxtgtidx = 0
tree 10
fit responses, selvar = -1
allocating matrix of size 257
start matrix decomposition
done matrix decomposition
step = 0.100000, nllval = 78024.140931, fNLLVal = 79644.739810
r = 1.000000 +- 0.000000, dldr =   nan, dL[0] = -7.743711e+01,, n0 = 0.000000, ndobs = 131530.000000, fNLLVal = 78024.140931, bnll = 78024.140931, nmc = 0.000000, nmcalt = 0.000000
maxtreesize = 147, maxtgtidx = 0
tree 11
fit responses, selvar = -1
allocating matrix of size 239
start matrix decomposition
done matrix decomposition
step = 0.100000, nllval = 76623.704558, fNLLVal = 78024.140931
r = 1.000000 +- 0.000000, dldr =   nan, dL[0] = -8.480755e+01,, n0 = 0.000000, ndobs = 131530.000000, fNLLVal = 76623.704558, bnll = 76623.704558, nmc = 0.000000, nmcalt = 0.000000
maxtreesize = 151, maxtgtidx = 0
tree 12
fit responses, selvar = -1
allocating matrix of size 244
start matrix decomposition
done matrix decomposition
step = 0.100000, nllval = 75371.755069, fNLLVal = 76623.704558
r = 1.000000 +- 0.000000, dldr =   nan, dL[0] = -6.125427e+01,, n0 = 0.000000, ndobs = 131530.000000, fNLLVal = 75371.755069, bnll = 75371.755069, nmc = 0.000000, nmcalt = 0.000000
maxtreesize = 147, maxtgtidx = 0
tree 13
fit responses, selvar = -1
allocating matrix of size 233
start matrix decomposition
done matrix decomposition
step = 0.100000, nllval = 74204.190519, fNLLVal = 75371.755069
r = 1.000000 +- 0.000000, dldr =   nan, dL[0] = 2.542299e+01,, n0 = 0.000000, ndobs = 131530.000000, fNLLVal = 74204.190519, bnll = 74204.190519, nmc = 0.000000, nmcalt = 0.000000
maxtreesize = 141, maxtgtidx = 0
tree 14
fit responses, selvar = -1
allocating matrix of size 214
start matrix decomposition
done matrix decomposition
step = 0.100000, nllval = 73182.626427, fNLLVal = 74204.190519
r = 1.000000 +- 0.000000, dldr =   nan, dL[0] = -6.951949e+01,, n0 = 0.000000, ndobs = 131530.000000, fNLLVal = 73182.626427, bnll = 73182.626427, nmc = 0.000000, nmcalt = 0.000000
maxtreesize = 125, maxtgtidx = 0
tree 15
fit responses, selvar = -1
allocating matrix of size 194
start matrix decomposition
done matrix decomposition
step = 0.100000, nllval = 72210.879387, fNLLVal = 73182.626427
r = 1.000000 +- 0.000000, dldr =   nan, dL[0] = -6.560484e+01,, n0 = 0.000000, ndobs = 131530.000000, fNLLVal = 72210.879387, bnll = 72210.879387, nmc = 0.000000, nmcalt = 0.000000
maxtreesize = 120, maxtgtidx = 0
tree 16
fit responses, selvar = -1
allocating matrix of size 182
start matrix decomposition
done matrix decomposition
step = 0.100000, nllval = 71380.062322, fNLLVal = 72210.879387
r = 1.000000 +- 0.000000, dldr =   nan, dL[0] = -2.253388e+02,, n0 = 0.000000, ndobs = 131530.000000, fNLLVal = 71380.062322, bnll = 71380.062322, nmc = 0.000000, nmcalt = 0.000000
maxtreesize = 110, maxtgtidx = 0
tree 17
fit responses, selvar = -1
allocating matrix of size 140
start matrix decomposition
done matrix decomposition
step = 0.100000, nllval = 70779.924657, fNLLVal = 71380.062322
r = 1.000000 +- 0.000000, dldr =   nan, dL[0] = -1.415485e+02,, n0 = 0.000000, ndobs = 131530.000000, fNLLVal = 70779.924657, bnll = 70779.924657, nmc = 0.000000, nmcalt = 0.000000
maxtreesize = 92, maxtgtidx = 0
tree 18
fit responses, selvar = -1
allocating matrix of size 108
start matrix decomposition
done matrix decomposition
step = 0.100000, nllval = 70324.163310, fNLLVal = 70779.924657
r = 1.000000 +- 0.000000, dldr =   nan, dL[0] = -1.274718e+03,, n0 = 0.000000, ndobs = 131530.000000, fNLLVal = 70324.163310, bnll = 70324.163310, nmc = 0.000000, nmcalt = 0.000000
maxtreesize = 72, maxtgtidx = 0
tree 19
fit responses, selvar = -1
allocating matrix of size 116
start matrix decomposition
done matrix decomposition
step = 0.100000, nllval = 69851.380381, fNLLVal = 70324.163310
r = 1.000000 +- 0.000000, dldr =   nan, dL[0] = -1.950294e+02,, n0 = 0.000000, ndobs = 131530.000000, fNLLVal = 69851.380381, bnll = 69851.380381, nmc = 0.000000, nmcalt = 0.000000
maxtreesize = 81, maxtgtidx = 0
tree 20
fit responses, selvar = -1
allocating matrix of size 137
start matrix decomposition
done matrix decomposition
step = 0.100000, nllval = 69297.626685, fNLLVal = 69851.380381
r = 1.000000 +- 0.000000, dldr =   nan, dL[0] = 2.799891e+01,, n0 = 0.000000, ndobs = 131530.000000, fNLLVal = 69297.626685, bnll = 69297.626685, nmc = 0.000000, nmcalt = 0.000000
maxtreesize = 78, maxtgtidx = 0
tree 21
fit responses, selvar = -1
allocating matrix of size 108
start matrix decomposition
done matrix decomposition
step = 0.100000, nllval = 68872.956559, fNLLVal = 69297.626685
r = 1.000000 +- 0.000000, dldr =   nan, dL[0] = -3.686337e+01,, n0 = 0.000000, ndobs = 131530.000000, fNLLVal = 68872.956559, bnll = 68872.956559, nmc = 0.000000, nmcalt = 0.000000
maxtreesize = 79, maxtgtidx = 0
tree 22
fit responses, selvar = -1
allocating matrix of size 101
start matrix decomposition
done matrix decomposition
step = 0.100000, nllval = 68538.279978, fNLLVal = 68872.956559
r = 1.000000 +- 0.000000, dldr =   nan, dL[0] = -1.207439e+02,, n0 = 0.000000, ndobs = 131530.000000, fNLLVal = 68538.279978, bnll = 68538.279978, nmc = 0.000000, nmcalt = 0.000000
maxtreesize = 70, maxtgtidx = 0
tree 23
fit responses, selvar = -1
allocating matrix of size 95
start matrix decomposition
done matrix decomposition
step = 0.100000, nllval = 68163.005611, fNLLVal = 68538.279978
r = 1.000000 +- 0.000000, dldr =   nan, dL[0] = -3.246255e+02,, n0 = 0.000000, ndobs = 131530.000000, fNLLVal = 68163.005611, bnll = 68163.005611, nmc = 0.000000, nmcalt = 0.000000
maxtreesize = 57, maxtgtidx = 0
tree 24
fit responses, selvar = -1
allocating matrix of size 72
start matrix decomposition
done matrix decomposition
step = 0.100000, nllval = 67916.232289, fNLLVal = 68163.005611
r = 1.000000 +- 0.000000, dldr =   nan, dL[0] = 3.142823e+02,, n0 = 0.000000, ndobs = 131530.000000, fNLLVal = 67916.232289, bnll = 67916.232289, nmc = 0.000000, nmcalt = 0.000000
maxtreesize = 55, maxtgtidx = 0
tree 25
fit responses, selvar = -1
allocating matrix of size 67
start matrix decomposition
done matrix decomposition
step = 0.100000, nllval = 67702.184178, fNLLVal = 67916.232289
r = 1.000000 +- 0.000000, dldr =   nan, dL[0] = -3.375608e+02,, n0 = 0.000000, ndobs = 131530.000000, fNLLVal = 67702.184178, bnll = 67702.184178, nmc = 0.000000, nmcalt = 0.000000
maxtreesize = 49, maxtgtidx = 0
tree 26
fit responses, selvar = -1
allocating matrix of size 63
start matrix decomposition
done matrix decomposition
step = 0.100000, nllval = 67471.427264, fNLLVal = 67702.184178
r = 1.000000 +- 0.000000, dldr =   nan, dL[0] = -4.194367e+02,, n0 = 0.000000, ndobs = 131530.000000, fNLLVal = 67471.427264, bnll = 67471.427264, nmc = 0.000000, nmcalt = 0.000000
maxtreesize = 46, maxtgtidx = 0
tree 27
fit responses, selvar = -1
allocating matrix of size 81
start matrix decomposition
done matrix decomposition
step = 0.100000, nllval = 67240.049135, fNLLVal = 67471.427264
r = 1.000000 +- 0.000000, dldr =   nan, dL[0] = -8.722331e+01,, n0 = 0.000000, ndobs = 131530.000000, fNLLVal = 67240.049135, bnll = 67240.049135, nmc = 0.000000, nmcalt = 0.000000
maxtreesize = 57, maxtgtidx = 0
tree 28
fit responses, selvar = -1
allocating matrix of size 61
start matrix decomposition
done matrix decomposition
step = 0.100000, nllval = 66994.865926, fNLLVal = 67240.049135
r = 1.000000 +- 0.000000, dldr =   nan, dL[0] = -6.658137e+02,, n0 = 0.000000, ndobs = 131530.000000, fNLLVal = 66994.865926, bnll = 66994.865926, nmc = 0.000000, nmcalt = 0.000000
maxtreesize = 42, maxtgtidx = 0
tree 29
fit responses, selvar = -1
allocating matrix of size 56
start matrix decomposition
done matrix decomposition
step = 0.100000, nllval = 66806.023371, fNLLVal = 66994.865926
r = 1.000000 +- 0.000000, dldr =   nan, dL[0] = -3.181510e+02,, n0 = 0.000000, ndobs = 131530.000000, fNLLVal = 66806.023371, bnll = 66806.023371, nmc = 0.000000, nmcalt = 0.000000
maxtreesize = 39, maxtgtidx = 0
tree 30
fit responses, selvar = -1
allocating matrix of size 55
start matrix decomposition
done matrix decomposition
step = 0.100000, nllval = 66638.038350, fNLLVal = 66806.023371
r = 1.000000 +- 0.000000, dldr =   nan, dL[0] = -3.202598e+02,, n0 = 0.000000, ndobs = 131530.000000, fNLLVal = 66638.038350, bnll = 66638.038350, nmc = 0.000000, nmcalt = 0.000000
maxtreesize = 39, maxtgtidx = 0
tree 31
fit responses, selvar = -1
allocating matrix of size 39
start matrix decomposition
done matrix decomposition
step = 0.100000, nllval = 66523.669487, fNLLVal = 66638.038350
r = 1.000000 +- 0.000000, dldr =   nan, dL[0] = -1.945152e+02,, n0 = 0.000000, ndobs = 131530.000000, fNLLVal = 66523.669487, bnll = 66523.669487, nmc = 0.000000, nmcalt = 0.000000
maxtreesize = 27, maxtgtidx = 0
tree 32
fit responses, selvar = -1
allocating matrix of size 42
start matrix decomposition
done matrix decomposition
step = 0.100000, nllval = 66416.894820, fNLLVal = 66523.669487
r = 1.000000 +- 0.000000, dldr =   nan, dL[0] = 1.760594e+02,, n0 = 0.000000, ndobs = 131530.000000, fNLLVal = 66416.894820, bnll = 66416.894820, nmc = 0.000000, nmcalt = 0.000000
maxtreesize = 33, maxtgtidx = 0
tree 33
fit responses, selvar = -1
allocating matrix of size 41
start matrix decomposition
done matrix decomposition
step = 0.100000, nllval = 66305.290668, fNLLVal = 66416.894820
r = 1.000000 +- 0.000000, dldr =   nan, dL[0] = -4.242101e+02,, n0 = 0.000000, ndobs = 131530.000000, fNLLVal = 66305.290668, bnll = 66305.290668, nmc = 0.000000, nmcalt = 0.000000
maxtreesize = 28, maxtgtidx = 0
tree 34
fit responses, selvar = -1
allocating matrix of size 44
start matrix decomposition
done matrix decomposition
step = 0.100000, nllval = 66153.870226, fNLLVal = 66305.290668
r = 1.000000 +- 0.000000, dldr =   nan, dL[0] = -3.995200e+02,, n0 = 0.000000, ndobs = 131530.000000, fNLLVal = 66153.870226, bnll = 66153.870226, nmc = 0.000000, nmcalt = 0.000000
maxtreesize = 22, maxtgtidx = 0
tree 35
fit responses, selvar = -1
allocating matrix of size 40
start matrix decomposition
done matrix decomposition
step = 0.100000, nllval = 65906.838627, fNLLVal = 66153.870226
r = 1.000000 +- 0.000000, dldr =   nan, dL[0] = -4.904455e+02,, n0 = 0.000000, ndobs = 131530.000000, fNLLVal = 65906.838627, bnll = 65906.838627, nmc = 0.000000, nmcalt = 0.000000
maxtreesize = 19, maxtgtidx = 1
tree 36
fit responses, selvar = -1
allocating matrix of size 43
start matrix decomposition
done matrix decomposition
step = 0.100000, nllval = 65747.129629, fNLLVal = 65906.838627
r = 1.000000 +- 0.000000, dldr =   nan, dL[0] = -5.395343e+02,, n0 = 0.000000, ndobs = 131530.000000, fNLLVal = 65747.129629, bnll = 65747.129629, nmc = 0.000000, nmcalt = 0.000000
maxtreesize = 22, maxtgtidx = 1
tree 37
fit responses, selvar = -1
allocating matrix of size 25
start matrix decomposition
done matrix decomposition
step = 0.100000, nllval = 65674.500570, fNLLVal = 65747.129629
r = 1.000000 +- 0.000000, dldr =   nan, dL[0] = -5.075016e+02,, n0 = 0.000000, ndobs = 131530.000000, fNLLVal = 65674.500570, bnll = 65674.500570, nmc = 0.000000, nmcalt = 0.000000
maxtreesize = 18, maxtgtidx = 0
tree 38
fit responses, selvar = -1
allocating matrix of size 36
start matrix decomposition
done matrix decomposition
step = 0.100000, nllval = 65565.143022, fNLLVal = 65674.500570
r = 1.000000 +- 0.000000, dldr =   nan, dL[0] = -3.603298e+02,, n0 = 0.000000, ndobs = 131530.000000, fNLLVal = 65565.143022, bnll = 65565.143022, nmc = 0.000000, nmcalt = 0.000000
maxtreesize = 20, maxtgtidx = 1
tree 39
fit responses, selvar = -1
allocating matrix of size 38
start matrix decomposition
done matrix decomposition
step = 0.100000, nllval = 65434.351292, fNLLVal = 65565.143022
r = 1.000000 +- 0.000000, dldr =   nan, dL[0] = -3.339110e+02,, n0 = 0.000000, ndobs = 131530.000000, fNLLVal = 65434.351292, bnll = 65434.351292, nmc = 0.000000, nmcalt = 0.000000
maxtreesize = 20, maxtgtidx = 1
tree 40
fit responses, selvar = -1
allocating matrix of size 15
start matrix decomposition
done matrix decomposition
step = 0.100000, nllval = 65390.305067, fNLLVal = 65434.351292
r = 1.000000 +- 0.000000, dldr =   nan, dL[0] = -4.481932e+02,, n0 = 0.000000, ndobs = 131530.000000, fNLLVal = 65390.305067, bnll = 65390.305067, nmc = 0.000000, nmcalt = 0.000000
maxtreesize = 10, maxtgtidx = 0
tree 41
fit responses, selvar = -1
allocating matrix of size 37
start matrix decomposition
done matrix decomposition
step = 0.100000, nllval = 65257.536242, fNLLVal = 65390.305067
r = 1.000000 +- 0.000000, dldr =   nan, dL[0] = -4.107131e+02,, n0 = 0.000000, ndobs = 131530.000000, fNLLVal = 65257.536242, bnll = 65257.536242, nmc = 0.000000, nmcalt = 0.000000
maxtreesize = 17, maxtgtidx = 1
tree 42
fit responses, selvar = -1
allocating matrix of size 19
start matrix decomposition
done matrix decomposition
step = 0.100000, nllval = 65211.106976, fNLLVal = 65257.536242
r = 1.000000 +- 0.000000, dldr =   nan, dL[0] = -2.172155e+02,, n0 = 0.000000, ndobs = 131530.000000, fNLLVal = 65211.106976, bnll = 65211.106976, nmc = 0.000000, nmcalt = 0.000000
maxtreesize = 12, maxtgtidx = 0
tree 43
fit responses, selvar = -1
allocating matrix of size 18
start matrix decomposition
done matrix decomposition
step = 0.100000, nllval = 65166.217423, fNLLVal = 65211.106976
r = 1.000000 +- 0.000000, dldr =   nan, dL[0] = -6.575330e+01,, n0 = 0.000000, ndobs = 131530.000000, fNLLVal = 65166.217423, bnll = 65166.217423, nmc = 0.000000, nmcalt = 0.000000
maxtreesize = 12, maxtgtidx = 0
tree 44
fit responses, selvar = -1
allocating matrix of size 18
start matrix decomposition
done matrix decomposition
step = 0.100000, nllval = 65106.021089, fNLLVal = 65166.217423
r = 1.000000 +- 0.000000, dldr =   nan, dL[0] = -4.836720e+02,, n0 = 0.000000, ndobs = 131530.000000, fNLLVal = 65106.021089, bnll = 65106.021089, nmc = 0.000000, nmcalt = 0.000000
maxtreesize = 11, maxtgtidx = 0
tree 45
fit responses, selvar = -1
allocating matrix of size 14
start matrix decomposition
done matrix decomposition
step = 0.100000, nllval = 65073.721536, fNLLVal = 65106.021089
r = 1.000000 +- 0.000000, dldr =   nan, dL[0] = 2.060705e+02,, n0 = 0.000000, ndobs = 131530.000000, fNLLVal = 65073.721536, bnll = 65073.721536, nmc = 0.000000, nmcalt = 0.000000
maxtreesize = 11, maxtgtidx = 0
tree 46
fit responses, selvar = -1
allocating matrix of size 15
start matrix decomposition
done matrix decomposition
step = 0.100000, nllval = 65030.593397, fNLLVal = 65073.721536
r = 1.000000 +- 0.000000, dldr =   nan, dL[0] = -1.778590e+00,, n0 = 0.000000, ndobs = 131530.000000, fNLLVal = 65030.593397, bnll = 65030.593397, nmc = 0.000000, nmcalt = 0.000000
maxtreesize = 11, maxtgtidx = 0
tree 47
fit responses, selvar = -1
allocating matrix of size 23
start matrix decomposition
done matrix decomposition
step = 0.100000, nllval = 64941.358069, fNLLVal = 65030.593397
r = 1.000000 +- 0.000000, dldr =   nan, dL[0] = -8.694785e+02,, n0 = 0.000000, ndobs = 131530.000000, fNLLVal = 64941.358069, bnll = 64941.358069, nmc = 0.000000, nmcalt = 0.000000
maxtreesize = 15, maxtgtidx = 0
tree 48
fit responses, selvar = -1
allocating matrix of size 12
start matrix decomposition
done matrix decomposition
step = 0.100000, nllval = 64918.550961, fNLLVal = 64941.358069
r = 1.000000 +- 0.000000, dldr =   nan, dL[0] = 3.587562e+02,, n0 = 0.000000, ndobs = 131530.000000, fNLLVal = 64918.550961, bnll = 64918.550961, nmc = 0.000000, nmcalt = 0.000000
maxtreesize = 9, maxtgtidx = 0
tree 49
fit responses, selvar = -1
allocating matrix of size 11
start matrix decomposition
done matrix decomposition
step = 0.100000, nllval = 64897.679179, fNLLVal = 64918.550961
r = 1.000000 +- 0.000000, dldr =   nan, dL[0] = -3.292204e+02,, n0 = 0.000000, ndobs = 131530.000000, fNLLVal = 64897.679179, bnll = 64897.679179, nmc = 0.000000, nmcalt = 0.000000
maxtreesize = 8, maxtgtidx = 0
tree 50
fit responses, selvar = -1
allocating matrix of size 14
start matrix decomposition
done matrix decomposition
step = 0.100000, nllval = 64869.451046, fNLLVal = 64897.679179
r = 1.000000 +- 0.000000, dldr =   nan, dL[0] = -1.426963e+02,, n0 = 0.000000, ndobs = 131530.000000, fNLLVal = 64869.451046, bnll = 64869.451046, nmc = 0.000000, nmcalt = 0.000000
maxtreesize = 11, maxtgtidx = 0
tree 51
fit responses, selvar = -1
allocating matrix of size 12
start matrix decomposition
done matrix decomposition
step = 0.100000, nllval = 64848.611751, fNLLVal = 64869.451046
r = 1.000000 +- 0.000000, dldr =   nan, dL[0] = -7.294205e+02,, n0 = 0.000000, ndobs = 131530.000000, fNLLVal = 64848.611751, bnll = 64848.611751, nmc = 0.000000, nmcalt = 0.000000
maxtreesize = 9, maxtgtidx = 0
tree 52
fit responses, selvar = -1
allocating matrix of size 11
start matrix decomposition
done matrix decomposition
step = 0.100000, nllval = 64832.572162, fNLLVal = 64848.611751
r = 1.000000 +- 0.000000, dldr =   nan, dL[0] = -3.571661e+01,, n0 = 0.000000, ndobs = 131530.000000, fNLLVal = 64832.572162, bnll = 64832.572162, nmc = 0.000000, nmcalt = 0.000000
maxtreesize = 8, maxtgtidx = 0
tree 53
fit responses, selvar = -1
allocating matrix of size 9
start matrix decomposition
done matrix decomposition
step = 0.100000, nllval = 64817.254565, fNLLVal = 64832.572162
r = 1.000000 +- 0.000000, dldr =   nan, dL[0] = 2.404643e+02,, n0 = 0.000000, ndobs = 131530.000000, fNLLVal = 64817.254565, bnll = 64817.254565, nmc = 0.000000, nmcalt = 0.000000
maxtreesize = 6, maxtgtidx = 0
tree 54
fit responses, selvar = -1
allocating matrix of size 9
start matrix decomposition
done matrix decomposition
step = 0.100000, nllval = 64800.921329, fNLLVal = 64817.254565
r = 1.000000 +- 0.000000, dldr =   nan, dL[0] = -6.226638e+02,, n0 = 0.000000, ndobs = 131530.000000, fNLLVal = 64800.921329, bnll = 64800.921329, nmc = 0.000000, nmcalt = 0.000000
maxtreesize = 6, maxtgtidx = 0
tree 55
fit responses, selvar = -1
allocating matrix of size 11
start matrix decomposition
done matrix decomposition
step = 0.100000, nllval = 64784.503049, fNLLVal = 64800.921329
r = 1.000000 +- 0.000000, dldr =   nan, dL[0] = -4.120362e+02,, n0 = 0.000000, ndobs = 131530.000000, fNLLVal = 64784.503049, bnll = 64784.503049, nmc = 0.000000, nmcalt = 0.000000
maxtreesize = 8, maxtgtidx = 0
tree 56
fit responses, selvar = -1
allocating matrix of size 7
start matrix decomposition
done matrix decomposition
step = 0.100000, nllval = 64776.496706, fNLLVal = 64784.503049
r = 1.000000 +- 0.000000, dldr =   nan, dL[0] = -1.969716e+02,, n0 = 0.000000, ndobs = 131530.000000, fNLLVal = 64776.496706, bnll = 64776.496706, nmc = 0.000000, nmcalt = 0.000000
maxtreesize = 4, maxtgtidx = 0
tree 57
fit responses, selvar = -1
allocating matrix of size 8
start matrix decomposition
done matrix decomposition
step = 0.100000, nllval = 64763.403016, fNLLVal = 64776.496706
r = 1.000000 +- 0.000000, dldr =   nan, dL[0] = 1.825323e+03,, n0 = 0.000000, ndobs = 131530.000000, fNLLVal = 64763.403016, bnll = 64763.403016, nmc = 0.000000, nmcalt = 0.000000
maxtreesize = 5, maxtgtidx = 0
tree 58
fit responses, selvar = -1
allocating matrix of size 5
start matrix decomposition
done matrix decomposition
step = 0.100000, nllval = 64761.183375, fNLLVal = 64763.403016
r = 1.000000 +- 0.000000, dldr =   nan, dL[0] = -5.466439e+02,, n0 = 0.000000, ndobs = 131530.000000, fNLLVal = 64761.183375, bnll = 64761.183375, nmc = 0.000000, nmcalt = 0.000000
maxtreesize = 2, maxtgtidx = 0
tree 59
fit responses, selvar = -1
allocating matrix of size 9
start matrix decomposition
done matrix decomposition
step = 0.100000, nllval = 64750.054023, fNLLVal = 64761.183375
r = 1.000000 +- 0.000000, dldr =   nan, dL[0] = 1.145063e+03,, n0 = 0.000000, ndobs = 131530.000000, fNLLVal = 64750.054023, bnll = 64750.054023, nmc = 0.000000, nmcalt = 0.000000
maxtreesize = 6, maxtgtidx = 0
tree 60
fit responses, selvar = -1
allocating matrix of size 8
start matrix decomposition
done matrix decomposition
step = 0.100000, nllval = 64740.209325, fNLLVal = 64750.054023
r = 1.000000 +- 0.000000, dldr =   nan, dL[0] = 1.631550e+01,, n0 = 0.000000, ndobs = 131530.000000, fNLLVal = 64740.209325, bnll = 64740.209325, nmc = 0.000000, nmcalt = 0.000000
maxtreesize = 5, maxtgtidx = 0
tree 61
fit responses, selvar = -1
allocating matrix of size 7
start matrix decomposition
done matrix decomposition
step = 0.100000, nllval = 64727.782469, fNLLVal = 64740.209325
r = 1.000000 +- 0.000000, dldr =   nan, dL[0] = -2.182021e+02,, n0 = 0.000000, ndobs = 131530.000000, fNLLVal = 64727.782469, bnll = 64727.782469, nmc = 0.000000, nmcalt = 0.000000
maxtreesize = 4, maxtgtidx = 0
tree 62
fit responses, selvar = -1
allocating matrix of size 4
start matrix decomposition
done matrix decomposition
step = 0.100000, nllval = 64727.759400, fNLLVal = 64727.782469
r = 1.000000 +- 0.000000, dldr =   nan, dL[0] = 3.151213e+02,, n0 = 0.000000, ndobs = 131530.000000, fNLLVal = 64727.759400, bnll = 64727.759400, nmc = 0.000000, nmcalt = 0.000000
maxtreesize = 1, maxtgtidx = 0
tree 63
fit responses, selvar = -1
allocating matrix of size 4
start matrix decomposition
done matrix decomposition
step = 0.100000, nllval = 64727.741551, fNLLVal = 64727.759400
r = 1.000000 +- 0.000000, dldr =   nan, dL[0] = 2.873794e+02,, n0 = 0.000000, ndobs = 131530.000000, fNLLVal = 64727.741551, bnll = 64727.741551, nmc = 0.000000, nmcalt = 0.000000
maxtreesize = 1, maxtgtidx = 0
tree 64
fit responses, selvar = -1
allocating matrix of size 4
start matrix decomposition
done matrix decomposition
step = 0.100000, nllval = 64727.727738, fNLLVal = 64727.741551
r = 1.000000 +- 0.000000, dldr =   nan, dL[0] = 2.604913e+02,, n0 = 0.000000, ndobs = 131530.000000, fNLLVal = 64727.727738, bnll = 64727.727738, nmc = 0.000000, nmcalt = 0.000000
maxtreesize = 1, maxtgtidx = 0
tree 65
fit responses, selvar = -1
allocating matrix of size 4
start matrix decomposition
done matrix decomposition
step = 0.100000, nllval = 64727.716107, fNLLVal = 64727.727738
r = 1.000000 +- 0.000000, dldr =   nan, dL[0] = 2.342306e+02,, n0 = 0.000000, ndobs = 131530.000000, fNLLVal = 64727.716107, bnll = 64727.716107, nmc = 0.000000, nmcalt = 0.000000
maxtreesize = 1, maxtgtidx = 0
tree 66
fit responses, selvar = -1
allocating matrix of size 4
start matrix decomposition
done matrix decomposition
step = 0.100000, nllval = 64727.706245, fNLLVal = 64727.716107
r = 1.000000 +- 0.000000, dldr =   nan, dL[0] = 2.103633e+02,, n0 = 0.000000, ndobs = 131530.000000, fNLLVal = 64727.706245, bnll = 64727.706245, nmc = 0.000000, nmcalt = 0.000000
maxtreesize = 1, maxtgtidx = 0
tree 67
fit responses, selvar = -1
allocating matrix of size 4
start matrix decomposition
done matrix decomposition
step = 0.100000, nllval = 64727.698523, fNLLVal = 64727.706245
r = 1.000000 +- 0.000000, dldr =   nan, dL[0] = 1.947801e+02,, n0 = 0.000000, ndobs = 131530.000000, fNLLVal = 64727.698523, bnll = 64727.698523, nmc = 0.000000, nmcalt = 0.000000
maxtreesize = 1, maxtgtidx = 0
tree 68
fit responses, selvar = -1
allocating matrix of size 4
start matrix decomposition
done matrix decomposition
step = 0.100000, nllval = 64727.692120, fNLLVal = 64727.698523
r = 1.000000 +- 0.000000, dldr =   nan, dL[0] = 1.752886e+02,, n0 = 0.000000, ndobs = 131530.000000, fNLLVal = 64727.692120, bnll = 64727.692120, nmc = 0.000000, nmcalt = 0.000000
maxtreesize = 1, maxtgtidx = 0
tree 69
fit responses, selvar = -1
allocating matrix of size 4
start matrix decomposition
done matrix decomposition
step = 0.100000, nllval = 64727.686806, fNLLVal = 64727.692120
r = 1.000000 +- 0.000000, dldr =   nan, dL[0] = 1.574437e+02,, n0 = 0.000000, ndobs = 131530.000000, fNLLVal = 64727.686806, bnll = 64727.686806, nmc = 0.000000, nmcalt = 0.000000
maxtreesize = 1, maxtgtidx = 0
tree 70
fit responses, selvar = -1
allocating matrix of size 4
start matrix decomposition
done matrix decomposition
step = 0.100000, nllval = 64727.682147, fNLLVal = 64727.686806
r = 1.000000 +- 0.000000, dldr =   nan, dL[0] = 1.410446e+02,, n0 = 0.000000, ndobs = 131530.000000, fNLLVal = 64727.682147, bnll = 64727.682147, nmc = 0.000000, nmcalt = 0.000000
maxtreesize = 1, maxtgtidx = 0
tree 71
fit responses, selvar = -1
allocating matrix of size 4
start matrix decomposition
done matrix decomposition
step = 0.100000, nllval = 64727.678637, fNLLVal = 64727.682147
r = 1.000000 +- 0.000000, dldr =   nan, dL[0] = 1.306612e+02,, n0 = 0.000000, ndobs = 131530.000000, fNLLVal = 64727.678637, bnll = 64727.678637, nmc = 0.000000, nmcalt = 0.000000
maxtreesize = 1, maxtgtidx = 0
tree 72
fit responses, selvar = -1
allocating matrix of size 4
start matrix decomposition
done matrix decomposition
step = 0.100000, nllval = 64727.675686, fNLLVal = 64727.678637
r = 1.000000 +- 0.000000, dldr =   nan, dL[0] = 1.173983e+02,, n0 = 0.000000, ndobs = 131530.000000, fNLLVal = 64727.675686, bnll = 64727.675686, nmc = 0.000000, nmcalt = 0.000000
maxtreesize = 1, maxtgtidx = 0
tree 73
fit responses, selvar = -1
allocating matrix of size 4
start matrix decomposition
done matrix decomposition
step = 0.100000, nllval = 64727.673136, fNLLVal = 64727.675686
r = 1.000000 +- 0.000000, dldr =   nan, dL[0] = 1.052490e+02,, n0 = 0.000000, ndobs = 131530.000000, fNLLVal = 64727.673136, bnll = 64727.673136, nmc = 0.000000, nmcalt = 0.000000
maxtreesize = 1, maxtgtidx = 0
tree 74
fit responses, selvar = -1
allocating matrix of size 4
start matrix decomposition
done matrix decomposition
step = 0.100000, nllval = 64727.671169, fNLLVal = 64727.673136
r = 1.000000 +- 0.000000, dldr =   nan, dL[0] = 9.744033e+01,, n0 = 0.000000, ndobs = 131530.000000, fNLLVal = 64727.671169, bnll = 64727.671169, nmc = 0.000000, nmcalt = 0.000000
maxtreesize = 1, maxtgtidx = 0
tree 75
fit responses, selvar = -1
allocating matrix of size 4
start matrix decomposition
done matrix decomposition
step = 0.100000, nllval = 64727.669582, fNLLVal = 64727.671169
r = 1.000000 +- 0.000000, dldr =   nan, dL[0] = 8.859824e+01,, n0 = 0.000000, ndobs = 131530.000000, fNLLVal = 64727.669582, bnll = 64727.669582, nmc = 0.000000, nmcalt = 0.000000
maxtreesize = 1, maxtgtidx = 0
tree 76
fit responses, selvar = -1
allocating matrix of size 4
start matrix decomposition
done matrix decomposition
step = 0.100000, nllval = 64727.668204, fNLLVal = 64727.669582
r = 1.000000 +- 0.000000, dldr =   nan, dL[0] = 7.877352e+01,, n0 = 0.000000, ndobs = 131530.000000, fNLLVal = 64727.668204, bnll = 64727.668204, nmc = 0.000000, nmcalt = 0.000000
maxtreesize = 1, maxtgtidx = 0
tree 77
fit responses, selvar = -1
allocating matrix of size 4
start matrix decomposition
done matrix decomposition
step = 0.100000, nllval = 64727.667062, fNLLVal = 64727.668204
r = 1.000000 +- 0.000000, dldr =   nan, dL[0] = 7.141921e+01,, n0 = 0.000000, ndobs = 131530.000000, fNLLVal = 64727.667062, bnll = 64727.667062, nmc = 0.000000, nmcalt = 0.000000
maxtreesize = 1, maxtgtidx = 0
tree 78
fit responses, selvar = -1
allocating matrix of size 4
start matrix decomposition
done matrix decomposition
step = 0.100000, nllval = 64727.666183, fNLLVal = 64727.667062
r = 1.000000 +- 0.000000, dldr =   nan, dL[0] = 6.616852e+01,, n0 = 0.000000, ndobs = 131530.000000, fNLLVal = 64727.666183, bnll = 64727.666183, nmc = 0.000000, nmcalt = 0.000000
maxtreesize = 1, maxtgtidx = 0
tree 79
fit responses, selvar = -1
allocating matrix of size 4
start matrix decomposition
done matrix decomposition
step = 0.100000, nllval = 64727.665423, fNLLVal = 64727.666183
r = 1.000000 +- 0.000000, dldr =   nan, dL[0] = 5.888479e+01,, n0 = 0.000000, ndobs = 131530.000000, fNLLVal = 64727.665423, bnll = 64727.665423, nmc = 0.000000, nmcalt = 0.000000
maxtreesize = 1, maxtgtidx = 0
tree 80
fit responses, selvar = -1
allocating matrix of size 4
start matrix decomposition
done matrix decomposition
step = 0.100000, nllval = 64727.664797, fNLLVal = 64727.665423
r = 1.000000 +- 0.000000, dldr =   nan, dL[0] = 5.341368e+01,, n0 = 0.000000, ndobs = 131530.000000, fNLLVal = 64727.664797, bnll = 64727.664797, nmc = 0.000000, nmcalt = 0.000000
maxtreesize = 1, maxtgtidx = 0
tree 81
fit responses, selvar = -1
allocating matrix of size 4
start matrix decomposition
done matrix decomposition
step = 0.100000, nllval = 64727.664304, fNLLVal = 64727.664797
r = 1.000000 +- 0.000000, dldr =   nan, dL[0] = 4.945545e+01,, n0 = 0.000000, ndobs = 131530.000000, fNLLVal = 64727.664304, bnll = 64727.664304, nmc = 0.000000, nmcalt = 0.000000
maxtreesize = 1, maxtgtidx = 0
tree 82
fit responses, selvar = -1
allocating matrix of size 4
start matrix decomposition
done matrix decomposition
step = 0.100000, nllval = 64727.663893, fNLLVal = 64727.664304
r = 1.000000 +- 0.000000, dldr =   nan, dL[0] = 4.453225e+01,, n0 = 0.000000, ndobs = 131530.000000, fNLLVal = 64727.663893, bnll = 64727.663893, nmc = 0.000000, nmcalt = 0.000000
maxtreesize = 1, maxtgtidx = 0
tree 83
fit responses, selvar = -1
allocating matrix of size 4
start matrix decomposition
done matrix decomposition
step = 0.100000, nllval = 64727.663554, fNLLVal = 64727.663893
r = 1.000000 +- 0.000000, dldr =   nan, dL[0] = 4.002075e+01,, n0 = 0.000000, ndobs = 131530.000000, fNLLVal = 64727.663554, bnll = 64727.663554, nmc = 0.000000, nmcalt = 0.000000
maxtreesize = 1, maxtgtidx = 0
tree 84
fit responses, selvar = -1
allocating matrix of size 4
start matrix decomposition
done matrix decomposition
step = 0.100000, nllval = 64727.663258, fNLLVal = 64727.663554
r = 1.000000 +- 0.000000, dldr =   nan, dL[0] = 3.587768e+01,, n0 = 0.000000, ndobs = 131530.000000, fNLLVal = 64727.663258, bnll = 64727.663258, nmc = 0.000000, nmcalt = 0.000000
maxtreesize = 1, maxtgtidx = 0
tree 85
fit responses, selvar = -1
allocating matrix of size 4
start matrix decomposition
done matrix decomposition
step = 0.100000, nllval = 64727.663032, fNLLVal = 64727.663258
r = 1.000000 +- 0.000000, dldr =   nan, dL[0] = 3.323494e+01,, n0 = 0.000000, ndobs = 131530.000000, fNLLVal = 64727.663032, bnll = 64727.663032, nmc = 0.000000, nmcalt = 0.000000
maxtreesize = 1, maxtgtidx = 0
DEBUG 012.6...
DEBUG 013...
[#1] INFO:ObjectHandling -- RooWorkspace::import(wereg) importing RooDoubleCBFast::sigpdf
[#1] INFO:ObjectHandling -- RooWorkspace::import(wereg) importing RooRealVar::tgtvar
[#1] INFO:ObjectHandling -- RooWorkspace::import(wereg) importing RooRealConstraint::sigmeanlim
[#1] INFO:ObjectHandling -- RooWorkspace::import(wereg) importing RooGBRTargetFlex::sigmeant
[#1] INFO:ObjectHandling -- RooWorkspace::import(wereg) importing RooGBRFunctionFlex::sigmeantfunc
[#1] INFO:ObjectHandling -- RooWorkspace::import(wereg) importing RooRealVar::sigmeantvar
[#1] INFO:ObjectHandling -- RooWorkspace::import(wereg) importing RooRealVar::var_0
[#1] INFO:ObjectHandling -- RooWorkspace::import(wereg) importing RooRealVar::var_1
[#1] INFO:ObjectHandling -- RooWorkspace::import(wereg) importing RooRealVar::var_2
[#1] INFO:ObjectHandling -- RooWorkspace::import(wereg) importing RooRealVar::var_3
[#1] INFO:ObjectHandling -- RooWorkspace::import(wereg) importing RooRealVar::var_4
[#1] INFO:ObjectHandling -- RooWorkspace::import(wereg) importing RooRealVar::var_5
[#1] INFO:ObjectHandling -- RooWorkspace::import(wereg) importing RooRealVar::var_6
[#1] INFO:ObjectHandling -- RooWorkspace::import(wereg) importing RooRealVar::var_7
[#1] INFO:ObjectHandling -- RooWorkspace::import(wereg) importing RooRealVar::var_8
[#1] INFO:ObjectHandling -- RooWorkspace::import(wereg) importing RooRealVar::var_9
[#1] INFO:ObjectHandling -- RooWorkspace::import(wereg) importing RooRealVar::var_10
[#1] INFO:ObjectHandling -- RooWorkspace::import(wereg) importing RooRealVar::var_11
[#1] INFO:ObjectHandling -- RooWorkspace::import(wereg) importing RooRealVar::var_12
[#1] INFO:ObjectHandling -- RooWorkspace::import(wereg) importing RooRealConstraint::sigwidthlim
[#1] INFO:ObjectHandling -- RooWorkspace::import(wereg) importing RooGBRTargetFlex::sigwidtht
[#1] INFO:ObjectHandling -- RooWorkspace::import(wereg) importing RooGBRFunctionFlex::sigwidthtfunc
[#1] INFO:ObjectHandling -- RooWorkspace::import(wereg) importing RooRealVar::sigwidthtvar
[#1] INFO:ObjectHandling -- RooWorkspace::import(wereg) importing RooConstVar::2
[#1] INFO:ObjectHandling -- RooWorkspace::import(wereg) importing RooRealConstraint::signlim
[#1] INFO:ObjectHandling -- RooWorkspace::import(wereg) importing RooGBRTargetFlex::signt
[#1] INFO:ObjectHandling -- RooWorkspace::import(wereg) importing RooGBRFunctionFlex::signfunc
[#1] INFO:ObjectHandling -- RooWorkspace::import(wereg) importing RooRealVar::signvar
[#1] INFO:ObjectHandling -- RooWorkspace::import(wereg) importing RooConstVar::1
[#1] INFO:ObjectHandling -- RooWorkspace::import(wereg) importing RooRealConstraint::sign2lim
[#1] INFO:ObjectHandling -- RooWorkspace::import(wereg) importing RooGBRTargetFlex::sign2t
[#1] INFO:ObjectHandling -- RooWorkspace::import(wereg) importing RooGBRFunctionFlex::sign2func
[#1] INFO:ObjectHandling -- RooWorkspace::import(wereg) importing RooRealVar::sign2var

Processing eregtesting_13TeV_Pi0.C+(true,false,false)...
0
100000
200000
300000
0
100000
200000
300000
[#1] INFO:Plotting -- RooAbsReal::plotOn(sigpdf) plot on tgtvar averages using data variables (var_0,var_1,var_2,var_3,var_4,var_5,var_6,var_7,var_8,var_9,var_10,var_11,var_12)
[#1] INFO:Plotting -- RooAbsReal::plotOn(sigpdf) only the following components of the projection data will be used: (var_0,var_1,var_2,var_3,var_4,var_5,var_6,var_7,var_8,var_9,var_10,var_11,var_12)
[#1] INFO:Plotting -- RooDataWeightedAverage::ctor(sigpdfDataWgtAvg) constructing data weighted average of function sigpdf_Norm[tgtvar] over 26262 data points of (var_0,var_1,var_2,var_3,var_4,var_5,var_6,var_7,var_8,var_9,var_10,var_11,var_12) with a total weight of 26262
[#1] INFO:Minization --  The following expressions have been identified as constant and will be precalculated and cached: (sigmeanlim,sigwidthlim,signlim,sign2lim)
.......................................................................................................................................................................................................................................................Info in <TCanvas::Print>: eps file RawE.eps has been created
Info in <TCanvas::Print>: eps file RawElog.eps has been created
Info in <TCanvas::Print>: eps file mean.eps has been created
Info in <TCanvas::Print>: eps file width.eps has been created
Info in <TCanvas::Print>: eps file n.eps has been created
Info in <TCanvas::Print>: eps file n2.eps has been created
Info in <TCanvas::Print>: eps file eta.eps has been created
Info in <TCanvas::Print>: eps file response.eps has been created
Info in <TCanvas::Print>: eps file responselog.eps has been created
make fine histogram
calc effsigma
gamma1_EB
effsigma of corrected curve = 0.243317
effsigma of raw curve = 0.263207
Thu Mar 31 20:25:15 CEST 2016

Job finished at Thu Mar 31 20:25:15 CEST 2016 on node 
 under linux version Scientific Linux CERN SLC release 6.7 (Carbon)

CERN statistics: This process used approximately : 0:34:36 KSI2K hours (2076 KSI2K seconds)
                 This process corresponds to     : 2:14:58 HS06  hours (8098 HS06  seconds)
